[2025-11-11 16:04:06]
[2025-11-11 16:04:06]
[2025-11-11 16:04:06]
[2025-11-11 16:04:06]
[2025-11-11 16:04:06]
[2025-11-11 16:04:06]
[2025-11-11 16:04:26]
[2025-11-11 16:04:26]
[2025-11-11 16:04:26]
[2025-11-11 16:04:26]
[2025-11-11 16:04:26]
[2025-11-11 16:04:26]
[2025-11-11 16:05:30]
[2025-11-11 16:05:30]
[2025-11-11 16:05:30]
[2025-11-11 16:05:30]
[2025-11-11 16:05:30]
[2025-11-11 16:05:30]
[2025-11-11 16:07:50] error - 에러에러
[2025-11-11 16:07:50] warn - 워닝워닝
[2025-11-11 16:07:50] info - 인포인포
[2025-11-11 16:07:50] http - 에이치티티피
[2025-11-11 16:07:50] verbose - 장황장황 verbose!!
[2025-11-11 16:07:50] debug - 디버그
[2025-11-11 16:25:53] error - 에러에러
[2025-11-11 16:25:53] warn - 워닝워닝
[2025-11-11 16:25:53] info - 인포인포
[2025-11-11 16:25:53] http - 에이치티티피
[2025-11-11 16:25:53] verbose - 장황장황 verbose!!
[2025-11-11 16:25:53] debug - 디버그
